<?xml version="1.0" encoding="UTF-8"?>
<!-- Generated by org.testng.reporters.JUnitXMLReporter -->
<testsuite ignored="26" hostname="DESKTOP-QVPOJIS" failures="0" tests="18" name="Functional Test" time="166.779" errors="0" timestamp="2022-11-02T09:46:41 BDT">
  <testcase classname="testCase.TC004_DropDown" name="seltectMultipleByActionClass" time="3.398"/>
  <testcase classname="testCase.TC004_DropDown" name="selectingValueFromDropDown" time="9.782"/>
  <testcase classname="testCase.TC002_varifyPageTitle" name="varifyPageTitle_ShouldPass" time="41.183"/>
  <testcase classname="testCase.TC002_varifyPageTitle" name="isWebsiteSecured" time="0.009"/>
  <testcase classname="testCase.TC013_Assertion" name="seltectMultipleByActionClass" time="1.709"/>
  <testcase classname="testCase.TC010_DragAndDrop" name="DragAndDropAction" time="5.167"/>
  <testcase classname="testCase.TC009_HandleMultipleWindow" name="handleWindows" time="10.993"/>
  <testcase classname="testCase.TC011_MouseHover" name="performMouseHover" time="9.447"/>
  <testcase classname="testCase.TC005_NavigationAndRefresh" name="Navigating_Refresh" time="14.818"/>
  <testcase classname="testCase.TC007_VerifyLinks" name="linkVerify" time="2.292"/>
  <testcase classname="testCase.TC008_popupAlert" name="handlePopupAlert" time="0.778"/>
  <testcase classname="testCase.TC008_popupAlert" name="typeOnPopupAlert" time="3.65"/>
  <testcase classname="testCase.TC006_Scroll" name="scrollCheck" time="10.218"/>
  <testcase classname="testCase.TC001_LocatorLearning" name="locatorLearnig" time="24.056"/>
  <testcase classname="testCase.TC012_KeyboardEvent" name="keyboardEventCheck" time="14.142"/>
  <testcase classname="testCase.TC012_KeyboardEvent" name="seltectMultipleByActionClass" time="1.528"/>
  <testcase classname="testCase.TC012_KeyboardEvent" name="copyPasteUsingkeyBoard" time="8.079"/>
  <testcase classname="testCase.TC003_checkBoxRadioButton" name="RadioBtnAndCheckBoxInFrame" time="5.347"/>
  <testcase classname="base.DriverSetup" name="@BeforeSuite setup" time="0.0">
    <ignored/>
  </testcase> <!-- @BeforeSuite setup -->
  <testcase classname="base.DriverSetup" name="@BeforeSuite setup" time="0.0">
    <ignored/>
  </testcase> <!-- @BeforeSuite setup -->
  <testcase classname="base.DriverSetup" name="@BeforeSuite setup" time="0.0">
    <ignored/>
  </testcase> <!-- @BeforeSuite setup -->
  <testcase classname="base.DriverSetup" name="@AfterSuite tearDown" time="0.0">
    <ignored/>
  </testcase> <!-- @AfterSuite tearDown -->
  <testcase classname="base.DriverSetup" name="@AfterSuite tearDown" time="0.0">
    <ignored/>
  </testcase> <!-- @AfterSuite tearDown -->
  <testcase classname="base.DriverSetup" name="@AfterSuite tearDown" time="0.0">
    <ignored/>
  </testcase> <!-- @AfterSuite tearDown -->
  <testcase classname="base.DriverSetup" name="@BeforeSuite setup" time="0.0">
    <ignored/>
  </testcase> <!-- @BeforeSuite setup -->
  <testcase classname="base.DriverSetup" name="@BeforeSuite setup" time="0.0">
    <ignored/>
  </testcase> <!-- @BeforeSuite setup -->
  <testcase classname="base.DriverSetup" name="@AfterSuite tearDown" time="0.0">
    <ignored/>
  </testcase> <!-- @AfterSuite tearDown -->
  <testcase classname="base.DriverSetup" name="@AfterSuite tearDown" time="0.0">
    <ignored/>
  </testcase> <!-- @AfterSuite tearDown -->
  <testcase classname="base.DriverSetup" name="@BeforeSuite setup" time="0.0">
    <ignored/>
  </testcase> <!-- @BeforeSuite setup -->
  <testcase classname="base.DriverSetup" name="@AfterSuite tearDown" time="0.0">
    <ignored/>
  </testcase> <!-- @AfterSuite tearDown -->
  <testcase classname="base.DriverSetup" name="@AfterSuite tearDown" time="0.0">
    <ignored/>
  </testcase> <!-- @AfterSuite tearDown -->
  <testcase classname="base.DriverSetup" name="@AfterSuite tearDown" time="0.0">
    <ignored/>
  </testcase> <!-- @AfterSuite tearDown -->
  <testcase classname="base.DriverSetup" name="@BeforeSuite setup" time="0.0">
    <ignored/>
  </testcase> <!-- @BeforeSuite setup -->
  <testcase classname="base.DriverSetup" name="@AfterSuite tearDown" time="0.0">
    <ignored/>
  </testcase> <!-- @AfterSuite tearDown -->
  <testcase classname="base.DriverSetup" name="@AfterSuite tearDown" time="0.0">
    <ignored/>
  </testcase> <!-- @AfterSuite tearDown -->
  <testcase classname="base.DriverSetup" name="@AfterSuite tearDown" time="0.0">
    <ignored/>
  </testcase> <!-- @AfterSuite tearDown -->
  <testcase classname="base.DriverSetup" name="@BeforeSuite setup" time="0.0">
    <ignored/>
  </testcase> <!-- @BeforeSuite setup -->
  <testcase classname="base.DriverSetup" name="@BeforeSuite setup" time="0.0">
    <ignored/>
  </testcase> <!-- @BeforeSuite setup -->
  <testcase classname="base.DriverSetup" name="@AfterSuite tearDown" time="0.0">
    <ignored/>
  </testcase> <!-- @AfterSuite tearDown -->
  <testcase classname="base.DriverSetup" name="@BeforeSuite setup" time="0.0">
    <ignored/>
  </testcase> <!-- @BeforeSuite setup -->
  <testcase classname="base.DriverSetup" name="@BeforeSuite setup" time="0.0">
    <ignored/>
  </testcase> <!-- @BeforeSuite setup -->
  <testcase classname="base.DriverSetup" name="@BeforeSuite setup" time="0.0">
    <ignored/>
  </testcase> <!-- @BeforeSuite setup -->
  <testcase classname="base.DriverSetup" name="@BeforeSuite setup" time="0.0">
    <ignored/>
  </testcase> <!-- @BeforeSuite setup -->
  <testcase classname="base.DriverSetup" name="@AfterSuite tearDown" time="0.0">
    <ignored/>
  </testcase> <!-- @AfterSuite tearDown -->
</testsuite> <!-- Functional Test -->
