<?xml version="1.0" encoding="UTF-8"?>
<testng-results ignored="0" total="1" passed="1" failed="0" skipped="0">
  <reporter-output>
  </reporter-output>
  <suite started-at="2022-11-29T14:11:57 BDT" name="Default suite" finished-at="2022-11-29T14:12:02 BDT" duration-ms="4502">
    <groups>
    </groups>
    <test started-at="2022-11-29T14:11:57 BDT" name="Default test" finished-at="2022-11-29T14:12:02 BDT" duration-ms="4502">
      <class name="testCase.TC014_ScreenShotCapture">
        <test-method is-config="true" signature="setup()[pri:0, instance:testCase.TC014_ScreenShotCapture@59a008ba]" started-at="2022-11-29T14:11:56 BDT" name="setup" finished-at="2022-11-29T14:11:57 BDT" duration-ms="1644" status="PASS">
          <reporter-output>
          </reporter-output>
        </test-method> <!-- setup -->
        <test-method signature="takeSS()[pri:0, instance:testCase.TC014_ScreenShotCapture@59a008ba]" started-at="2022-11-29T14:11:57 BDT" name="takeSS" finished-at="2022-11-29T14:12:02 BDT" duration-ms="4421" status="PASS">
          <reporter-output>
          </reporter-output>
        </test-method> <!-- takeSS -->
        <test-method is-config="true" signature="tearDown()[pri:0, instance:testCase.TC014_ScreenShotCapture@59a008ba]" started-at="2022-11-29T14:12:02 BDT" name="tearDown" finished-at="2022-11-29T14:12:02 BDT" duration-ms="154" status="PASS">
          <reporter-output>
          </reporter-output>
        </test-method> <!-- tearDown -->
      </class> <!-- testCase.TC014_ScreenShotCapture -->
    </test> <!-- Default test -->
  </suite> <!-- Default suite -->
</testng-results>
